T9040 817:849.329   SEGGER J-Link V7.52a Log File
T9040 817:849.447   DLL Compiled: Jul 28 2021 11:08:12
T9040 817:849.482   Logging started @ 2024-03-26 02:41
T9040 817:849.514 - 62.997ms
TA050 3506:877.475 JLINK_EMU_GetList(InterfaceMask = 0x00000001, MaxInfos = 0x00000032) 
TA050 3506:879.327 - 1.911ms returns 0
TA050 3506:879.437 JLINK_EMU_GetList(InterfaceMask = 0x00000002, MaxInfos = 0x00000032) 
TA050 3506:907.583 - 28.232ms returns 0
TA050 3507:957.217 JLINK_EMU_GetList(InterfaceMask = 0x00000001, MaxInfos = 0x00000032) 
TA050 3507:959.185 - 2.031ms returns 0
TA050 3507:959.290 JLINK_EMU_GetList(InterfaceMask = 0x00000002, MaxInfos = 0x00000032) 
TA050 3507:987.921 - 28.711ms returns 0
TA050 3509:036.610 JLINK_EMU_GetList(InterfaceMask = 0x00000001, MaxInfos = 0x00000032) 
TA050 3509:039.241 - 2.670ms returns 0
TA050 3509:039.306 JLINK_EMU_GetList(InterfaceMask = 0x00000002, MaxInfos = 0x00000032) 
TA050 3509:067.950 - 28.699ms returns 0
TA050 3510:109.304 JLINK_EMU_GetList(InterfaceMask = 0x00000001, MaxInfos = 0x00000032) 
TA050 3510:111.006 - 1.736ms returns 0
TA050 3510:111.062 JLINK_EMU_GetList(InterfaceMask = 0x00000002, MaxInfos = 0x00000032) 
TA050 3510:139.672 - 28.671ms returns 0
TA050 3511:179.933 JLINK_EMU_GetList(InterfaceMask = 0x00000001, MaxInfos = 0x00000032) 
TA050 3511:181.833 - 1.933ms returns 0
TA050 3511:181.888 JLINK_EMU_GetList(InterfaceMask = 0x00000002, MaxInfos = 0x00000032) 
TA050 3511:209.815 - 27.993ms returns 0
TA050 3512:251.970 JLINK_EMU_GetList(InterfaceMask = 0x00000001, MaxInfos = 0x00000032) 
TA050 3512:253.906 - 1.970ms returns 0
TA050 3512:253.962 JLINK_EMU_GetList(InterfaceMask = 0x00000002, MaxInfos = 0x00000032) 
TA050 3512:282.482 - 28.581ms returns 0
TA050 3513:329.994 JLINK_EMU_GetList(InterfaceMask = 0x00000001, MaxInfos = 0x00000032) 
TA050 3513:332.521 - 2.569ms returns 0
TA050 3513:332.585 JLINK_EMU_GetList(InterfaceMask = 0x00000002, MaxInfos = 0x00000032) 
TA050 3513:362.448 - 29.916ms returns 0
TA050 3514:411.917 JLINK_EMU_GetList(InterfaceMask = 0x00000001, MaxInfos = 0x00000032) 
TA050 3514:413.810 - 1.927ms returns 0
TA050 3514:413.867 JLINK_EMU_GetList(InterfaceMask = 0x00000002, MaxInfos = 0x00000032) 
TA050 3514:443.169 - 29.362ms returns 0
TA050 3515:492.831 JLINK_EMU_GetList(InterfaceMask = 0x00000001, MaxInfos = 0x00000032) 
TA050 3515:494.569 - 1.771ms returns 0
TA050 3515:494.623 JLINK_EMU_GetList(InterfaceMask = 0x00000002, MaxInfos = 0x00000032) 
TA050 3515:522.716 - 28.147ms returns 0
TA050 3516:567.171 JLINK_EMU_GetList(InterfaceMask = 0x00000001, MaxInfos = 0x00000032) 
TA050 3516:568.898 - 1.760ms returns 0
TA050 3516:568.955 JLINK_EMU_GetList(InterfaceMask = 0x00000002, MaxInfos = 0x00000032) 
TA050 3516:596.450 - 27.556ms returns 0
TA050 3517:636.414 JLINK_EMU_GetList(InterfaceMask = 0x00000001, MaxInfos = 0x00000032) 
TA050 3517:638.130 - 1.748ms returns 0
TA050 3517:638.184 JLINK_EMU_GetList(InterfaceMask = 0x00000002, MaxInfos = 0x00000032) 
TA050 3517:667.104 - 28.975ms returns 0
TA050 3518:705.077 JLINK_EMU_GetList(InterfaceMask = 0x00000001, MaxInfos = 0x00000032) 
TA050 3518:706.787 - 1.741ms returns 0
TA050 3518:706.840 JLINK_EMU_GetList(InterfaceMask = 0x00000002, MaxInfos = 0x00000032) 
TA050 3518:734.939 - 28.154ms returns 0
TA050 3519:771.900 JLINK_EMU_GetList(InterfaceMask = 0x00000001, MaxInfos = 0x00000032) 
TA050 3519:773.607 - 1.739ms returns 0
TA050 3519:773.661 JLINK_EMU_GetList(InterfaceMask = 0x00000002, MaxInfos = 0x00000032) 
TA050 3519:801.817 - 28.215ms returns 0
TA050 3520:837.669 JLINK_EMU_GetList(InterfaceMask = 0x00000001, MaxInfos = 0x00000032) 
TA050 3520:839.404 - 1.769ms returns 0
TA050 3520:839.463 JLINK_EMU_GetList(InterfaceMask = 0x00000002, MaxInfos = 0x00000032) 
TA050 3520:866.989 - 27.593ms returns 0
TA050 3521:916.371 JLINK_EMU_GetList(InterfaceMask = 0x00000001, MaxInfos = 0x00000032) 
TA050 3521:918.260 - 1.925ms returns 0
TA050 3521:918.317 JLINK_EMU_GetList(InterfaceMask = 0x00000002, MaxInfos = 0x00000032) 
TA050 3521:947.075 - 28.827ms returns 0
TA050 3522:991.036 JLINK_EMU_GetList(InterfaceMask = 0x00000001, MaxInfos = 0x00000032) 
TA050 3522:992.907 - 1.905ms returns 0
TA050 3522:992.964 JLINK_EMU_GetList(InterfaceMask = 0x00000002, MaxInfos = 0x00000032) 
TA050 3523:020.824 - 27.930ms returns 0
TA050 3524:070.445 JLINK_EMU_GetList(InterfaceMask = 0x00000001, MaxInfos = 0x00000032) 
TA050 3524:072.303 - 1.892ms returns 0
TA050 3524:072.360 JLINK_EMU_GetList(InterfaceMask = 0x00000002, MaxInfos = 0x00000032) 
TA050 3524:100.733 - 28.436ms returns 0
TA050 3525:148.986 JLINK_EMU_GetList(InterfaceMask = 0x00000001, MaxInfos = 0x00000032) 
TA050 3525:150.875 - 1.925ms returns 0
TA050 3525:150.932 JLINK_EMU_GetList(InterfaceMask = 0x00000002, MaxInfos = 0x00000032) 
TA050 3525:179.729 - 28.866ms returns 0
TA050 3526:226.635 JLINK_EMU_GetList(InterfaceMask = 0x00000001, MaxInfos = 0x00000032) 
TA050 3526:228.731 - 2.136ms returns 0
TA050 3526:228.795 JLINK_EMU_GetList(InterfaceMask = 0x00000002, MaxInfos = 0x00000032) 
TA050 3526:257.928 - 29.194ms returns 0
TA050 3527:298.288 JLINK_EMU_GetList(InterfaceMask = 0x00000001, MaxInfos = 0x00000032) 
TA050 3527:300.175 - 1.921ms returns 0
TA050 3527:300.231 JLINK_EMU_GetList(InterfaceMask = 0x00000002, MaxInfos = 0x00000032) 
TA050 3527:328.639 - 28.480ms returns 0
TA050 3528:371.622 JLINK_EMU_GetList(InterfaceMask = 0x00000001, MaxInfos = 0x00000032) 
TA050 3528:373.413 - 1.823ms returns 0
TA050 3528:373.468 JLINK_EMU_GetList(InterfaceMask = 0x00000002, MaxInfos = 0x00000032) 
TA050 3528:402.180 - 28.764ms returns 0
TA050 3529:445.761 JLINK_EMU_GetList(InterfaceMask = 0x00000001, MaxInfos = 0x00000032) 
TA050 3529:447.751 - 2.028ms returns 0
TA050 3529:447.811 JLINK_EMU_GetList(InterfaceMask = 0x00000002, MaxInfos = 0x00000032) 
TA050 3529:476.862 - 29.113ms returns 0
TA050 3530:520.368 JLINK_EMU_GetList(InterfaceMask = 0x00000001, MaxInfos = 0x00000032) 
TA050 3530:522.640 - 2.319ms returns 0
TA050 3530:522.715 JLINK_EMU_GetList(InterfaceMask = 0x00000002, MaxInfos = 0x00000032) 
TA050 3530:552.092 - 29.439ms returns 0
TA050 3531:595.160 JLINK_EMU_GetList(InterfaceMask = 0x00000001, MaxInfos = 0x00000032) 
TA050 3531:596.944 - 1.820ms returns 0
TA050 3531:597.004 JLINK_EMU_GetList(InterfaceMask = 0x00000002, MaxInfos = 0x00000032) 
TA050 3531:625.457 - 28.522ms returns 0
TA050 3532:668.701 JLINK_EMU_GetList(InterfaceMask = 0x00000001, MaxInfos = 0x00000032) 
TA050 3532:670.420 - 1.755ms returns 0
TA050 3532:670.478 JLINK_EMU_GetList(InterfaceMask = 0x00000002, MaxInfos = 0x00000032) 
TA050 3532:698.930 - 28.527ms returns 0
TA050 3533:751.349 JLINK_EMU_GetList(InterfaceMask = 0x00000001, MaxInfos = 0x00000032) 
TA050 3533:753.373 - 2.060ms returns 0
TA050 3533:753.432 JLINK_EMU_GetList(InterfaceMask = 0x00000002, MaxInfos = 0x00000032) 
TA050 3533:782.651 - 29.295ms returns 0
TA050 3534:839.679 JLINK_EMU_GetList(InterfaceMask = 0x00000001, MaxInfos = 0x00000032) 
TA050 3534:841.395 - 1.751ms returns 0
TA050 3534:841.453 JLINK_EMU_GetList(InterfaceMask = 0x00000002, MaxInfos = 0x00000032) 
TA050 3534:870.514 - 29.118ms returns 0
TA050 3535:908.707 JLINK_EMU_GetList(InterfaceMask = 0x00000001, MaxInfos = 0x00000032) 
TA050 3535:910.448 - 1.773ms returns 0
TA050 3535:910.504 JLINK_EMU_GetList(InterfaceMask = 0x00000002, MaxInfos = 0x00000032) 
TA050 3535:938.971 - 28.531ms returns 0
TA050 3536:987.164 JLINK_EMU_GetList(InterfaceMask = 0x00000001, MaxInfos = 0x00000032) 
TA050 3536:989.282 - 2.162ms returns 0
TA050 3536:989.357 JLINK_EMU_GetList(InterfaceMask = 0x00000002, MaxInfos = 0x00000032) 
TA050 3537:017.985 - 28.684ms returns 0
TA050 3538:066.929 JLINK_EMU_GetList(InterfaceMask = 0x00000001, MaxInfos = 0x00000032) 
TA050 3538:068.628 - 1.733ms returns 0
TA050 3538:068.685 JLINK_EMU_GetList(InterfaceMask = 0x00000002, MaxInfos = 0x00000032) 
TA050 3538:097.630 - 29.022ms returns 0
TA050 3539:140.965 JLINK_EMU_GetList(InterfaceMask = 0x00000001, MaxInfos = 0x00000032) 
TA050 3539:142.746 - 1.817ms returns 0
TA050 3539:142.805 JLINK_EMU_GetList(InterfaceMask = 0x00000002, MaxInfos = 0x00000032) 
TA050 3539:171.853 - 29.111ms returns 0
TA050 3540:210.392 JLINK_EMU_GetList(InterfaceMask = 0x00000001, MaxInfos = 0x00000032) 
TA050 3540:212.102 - 1.742ms returns 0
TA050 3540:212.156 JLINK_EMU_GetList(InterfaceMask = 0x00000002, MaxInfos = 0x00000032) 
TA050 3540:240.535 - 28.436ms returns 0
TA050 3541:285.881 JLINK_EMU_GetList(InterfaceMask = 0x00000001, MaxInfos = 0x00000032) 
TA050 3541:287.625 - 1.780ms returns 0
TA050 3541:287.684 JLINK_EMU_GetList(InterfaceMask = 0x00000002, MaxInfos = 0x00000032) 
TA050 3541:316.364 - 28.738ms returns 0
TA050 3542:360.830 JLINK_EMU_GetList(InterfaceMask = 0x00000001, MaxInfos = 0x00000032) 
TA050 3542:362.666 - 1.872ms returns 0
TA050 3542:362.726 JLINK_EMU_GetList(InterfaceMask = 0x00000002, MaxInfos = 0x00000032) 
TA050 3542:390.660 - 28.010ms returns 0
TA050 3543:437.109 JLINK_EMU_GetList(InterfaceMask = 0x00000001, MaxInfos = 0x00000032) 
TA050 3543:438.895 - 1.819ms returns 0
TA050 3543:438.949 JLINK_EMU_GetList(InterfaceMask = 0x00000002, MaxInfos = 0x00000032) 
TA050 3543:467.668 - 28.771ms returns 0
TA050 3544:515.950 JLINK_EMU_GetList(InterfaceMask = 0x00000001, MaxInfos = 0x00000032) 
TA050 3544:517.816 - 1.899ms returns 0
TA050 3544:517.871 JLINK_EMU_GetList(InterfaceMask = 0x00000002, MaxInfos = 0x00000032) 
TA050 3544:546.453 - 28.635ms returns 0
TA050 3545:590.885 JLINK_EMU_GetList(InterfaceMask = 0x00000001, MaxInfos = 0x00000032) 
TA050 3545:592.661 - 1.808ms returns 0
TA050 3545:592.716 JLINK_EMU_GetList(InterfaceMask = 0x00000002, MaxInfos = 0x00000032) 
TA050 3545:620.450 - 27.788ms returns 0
TA050 3546:667.601 JLINK_EMU_GetList(InterfaceMask = 0x00000001, MaxInfos = 0x00000032) 
TA050 3546:669.349 - 1.782ms returns 0
TA050 3546:669.404 JLINK_EMU_GetList(InterfaceMask = 0x00000002, MaxInfos = 0x00000032) 
TA050 3546:697.789 - 28.441ms returns 0
TA050 3547:743.156 JLINK_EMU_GetList(InterfaceMask = 0x00000001, MaxInfos = 0x00000032) 
TA050 3547:744.934 - 1.812ms returns 0
TA050 3547:744.990 JLINK_EMU_GetList(InterfaceMask = 0x00000002, MaxInfos = 0x00000032) 
TA050 3547:773.660 - 28.729ms returns 0
TA050 3548:821.214 JLINK_EMU_GetList(InterfaceMask = 0x00000001, MaxInfos = 0x00000032) 
TA050 3548:822.966 - 1.787ms returns 0
TA050 3548:823.026 JLINK_EMU_GetList(InterfaceMask = 0x00000002, MaxInfos = 0x00000032) 
TA050 3548:850.913 - 27.939ms returns 0
TA050 3549:891.710 JLINK_EMU_GetList(InterfaceMask = 0x00000001, MaxInfos = 0x00000032) 
TA050 3549:893.754 - 2.084ms returns 0
TA050 3549:893.818 JLINK_EMU_GetList(InterfaceMask = 0x00000002, MaxInfos = 0x00000032) 
TA050 3549:922.486 - 28.719ms returns 0
TA050 3550:960.140 JLINK_EMU_GetList(InterfaceMask = 0x00000001, MaxInfos = 0x00000032) 
TA050 3550:961.981 - 1.877ms returns 0
TA050 3550:962.040 JLINK_EMU_GetList(InterfaceMask = 0x00000002, MaxInfos = 0x00000032) 
TA050 3550:989.919 - 27.934ms returns 0
TA050 3552:040.798 JLINK_EMU_GetList(InterfaceMask = 0x00000001, MaxInfos = 0x00000032) 
TA050 3552:042.521 - 1.755ms returns 0
TA050 3552:042.577 JLINK_EMU_GetList(InterfaceMask = 0x00000002, MaxInfos = 0x00000032) 
TA050 3552:070.842 - 28.321ms returns 0
TA050 3553:123.913 JLINK_EMU_GetList(InterfaceMask = 0x00000001, MaxInfos = 0x00000032) 
TA050 3553:125.712 - 1.832ms returns 0
TA050 3553:125.767 JLINK_EMU_GetList(InterfaceMask = 0x00000002, MaxInfos = 0x00000032) 
TA050 3553:153.787 - 28.072ms returns 0
TA050 3554:198.630 JLINK_EMU_GetList(InterfaceMask = 0x00000001, MaxInfos = 0x00000032) 
TA050 3554:200.367 - 1.770ms returns 0
TA050 3554:200.421 JLINK_EMU_GetList(InterfaceMask = 0x00000002, MaxInfos = 0x00000032) 
TA050 3554:227.881 - 27.514ms returns 0
TA050 3555:267.889 JLINK_EMU_GetList(InterfaceMask = 0x00000001, MaxInfos = 0x00000032) 
TA050 3555:269.678 - 1.826ms returns 0
TA050 3555:269.737 JLINK_EMU_GetList(InterfaceMask = 0x00000002, MaxInfos = 0x00000032) 
TA050 3555:299.275 - 29.601ms returns 0
TA050 3556:341.972 JLINK_EMU_GetList(InterfaceMask = 0x00000001, MaxInfos = 0x00000032) 
TA050 3556:343.742 - 1.809ms returns 0
TA050 3556:343.806 JLINK_EMU_GetList(InterfaceMask = 0x00000002, MaxInfos = 0x00000032) 
TA050 3556:372.917 - 29.170ms returns 0
TA050 3557:417.278 JLINK_EMU_GetList(InterfaceMask = 0x00000001, MaxInfos = 0x00000032) 
TA050 3557:419.075 - 1.835ms returns 0
TA050 3557:419.136 JLINK_EMU_GetList(InterfaceMask = 0x00000002, MaxInfos = 0x00000032) 
TA050 3557:448.399 - 29.338ms returns 0
TA050 3558:491.391 JLINK_EMU_GetList(InterfaceMask = 0x00000001, MaxInfos = 0x00000032) 
TA050 3558:493.247 - 1.899ms returns 0
TA050 3558:493.312 JLINK_EMU_GetList(InterfaceMask = 0x00000002, MaxInfos = 0x00000032) 
TA050 3558:522.470 - 29.225ms returns 0
TA050 3559:563.540 JLINK_EMU_GetList(InterfaceMask = 0x00000001, MaxInfos = 0x00000032) 
TA050 3559:565.511 - 2.015ms returns 0
TA050 3559:565.583 JLINK_EMU_GetList(InterfaceMask = 0x00000002, MaxInfos = 0x00000032) 
TA050 3559:594.291 - 28.771ms returns 0
TA050 3560:638.251 JLINK_EMU_GetList(InterfaceMask = 0x00000001, MaxInfos = 0x00000032) 
TA050 3560:640.175 - 1.976ms returns 0
TA050 3560:640.251 JLINK_EMU_GetList(InterfaceMask = 0x00000002, MaxInfos = 0x00000032) 
TA050 3560:668.239 - 28.047ms returns 0
TA050 3561:716.530 JLINK_EMU_GetList(InterfaceMask = 0x00000001, MaxInfos = 0x00000032) 
TA050 3561:718.246 - 1.750ms returns 0
TA050 3561:718.303 JLINK_EMU_GetList(InterfaceMask = 0x00000002, MaxInfos = 0x00000032) 
TA050 3561:746.027 - 27.779ms returns 0
TA050 3562:784.234 JLINK_EMU_GetList(InterfaceMask = 0x00000001, MaxInfos = 0x00000032) 
TA050 3562:785.963 - 1.763ms returns 0
TA050 3562:786.017 JLINK_EMU_GetList(InterfaceMask = 0x00000002, MaxInfos = 0x00000032) 
TA050 3562:813.804 - 27.846ms returns 0
TA050 3563:860.275 JLINK_EMU_GetList(InterfaceMask = 0x00000001, MaxInfos = 0x00000032) 
TA050 3563:862.077 - 1.851ms returns 0
TA050 3563:862.149 JLINK_EMU_GetList(InterfaceMask = 0x00000002, MaxInfos = 0x00000032) 
TA050 3563:889.714 - 27.620ms returns 0
TA050 3564:932.941 JLINK_EMU_GetList(InterfaceMask = 0x00000001, MaxInfos = 0x00000032) 
TA050 3564:934.667 - 1.759ms returns 0
TA050 3564:934.722 JLINK_EMU_GetList(InterfaceMask = 0x00000002, MaxInfos = 0x00000032) 
TA050 3564:962.877 - 28.216ms returns 0
TA050 3566:003.754 JLINK_EMU_GetList(InterfaceMask = 0x00000001, MaxInfos = 0x00000032) 
TA050 3566:005.517 - 1.797ms returns 0
TA050 3566:005.574 JLINK_EMU_GetList(InterfaceMask = 0x00000002, MaxInfos = 0x00000032) 
TA050 3566:034.081 - 28.563ms returns 0
TA050 3567:073.821 JLINK_EMU_GetList(InterfaceMask = 0x00000001, MaxInfos = 0x00000032) 
TA050 3567:075.608 - 1.822ms returns 0
TA050 3567:075.665 JLINK_EMU_GetList(InterfaceMask = 0x00000002, MaxInfos = 0x00000032) 
TA050 3567:103.376 - 27.767ms returns 0
TA050 3568:152.995 JLINK_EMU_GetList(InterfaceMask = 0x00000001, MaxInfos = 0x00000032) 
TA050 3568:154.799 - 1.838ms returns 0
TA050 3568:154.855 JLINK_EMU_GetList(InterfaceMask = 0x00000002, MaxInfos = 0x00000032) 
TA050 3568:183.222 - 28.426ms returns 0
TA050 3569:229.212 JLINK_EMU_GetList(InterfaceMask = 0x00000001, MaxInfos = 0x00000032) 
TA050 3569:231.101 - 1.928ms returns 0
TA050 3569:231.163 JLINK_EMU_GetList(InterfaceMask = 0x00000002, MaxInfos = 0x00000032) 
TA050 3569:259.792 - 28.684ms returns 0
TA050 3570:305.330 JLINK_EMU_GetList(InterfaceMask = 0x00000001, MaxInfos = 0x00000032) 
TA050 3570:307.231 - 1.939ms returns 0
TA050 3570:307.292 JLINK_EMU_GetList(InterfaceMask = 0x00000002, MaxInfos = 0x00000032) 
TA050 3570:335.272 - 28.039ms returns 0
TA050 3571:375.221 JLINK_EMU_GetList(InterfaceMask = 0x00000001, MaxInfos = 0x00000032) 
TA050 3571:376.932 - 1.746ms returns 0
TA050 3571:376.994 JLINK_EMU_GetList(InterfaceMask = 0x00000002, MaxInfos = 0x00000032) 
TA050 3571:405.846 - 28.911ms returns 0
TA050 3572:456.773 JLINK_EMU_GetList(InterfaceMask = 0x00000001, MaxInfos = 0x00000032) 
TA050 3572:458.761 - 2.032ms returns 0
TA050 3572:458.828 JLINK_EMU_GetList(InterfaceMask = 0x00000002, MaxInfos = 0x00000032) 
TA050 3572:487.232 - 28.460ms returns 0
TA050 3573:537.314 JLINK_EMU_GetList(InterfaceMask = 0x00000001, MaxInfos = 0x00000032) 
TA050 3573:539.799 - 2.528ms returns 0
TA050 3573:539.866 JLINK_EMU_GetList(InterfaceMask = 0x00000002, MaxInfos = 0x00000032) 
TA050 3573:569.224 - 29.411ms returns 0
TA050 3574:623.757 JLINK_EMU_GetList(InterfaceMask = 0x00000001, MaxInfos = 0x00000032) 
TA050 3574:625.641 - 1.919ms returns 0
TA050 3574:625.699 JLINK_EMU_GetList(InterfaceMask = 0x00000002, MaxInfos = 0x00000032) 
TA050 3574:654.548 - 28.911ms returns 0
TA050 3575:705.392 JLINK_EMU_GetList(InterfaceMask = 0x00000001, MaxInfos = 0x00000032) 
TA050 3575:707.250 - 1.895ms returns 0
TA050 3575:707.313 JLINK_EMU_GetList(InterfaceMask = 0x00000002, MaxInfos = 0x00000032) 
TA050 3575:735.279 - 28.028ms returns 0
TA050 3576:782.973 JLINK_EMU_GetList(InterfaceMask = 0x00000001, MaxInfos = 0x00000032) 
TA050 3576:784.913 - 1.979ms returns 0
TA050 3576:784.977 JLINK_EMU_GetList(InterfaceMask = 0x00000002, MaxInfos = 0x00000032) 
TA050 3576:812.773 - 27.868ms returns 0
TA050 3577:854.289 JLINK_EMU_GetList(InterfaceMask = 0x00000001, MaxInfos = 0x00000032) 
TA050 3577:856.037 - 1.782ms returns 0
TA050 3577:856.101 JLINK_EMU_GetList(InterfaceMask = 0x00000002, MaxInfos = 0x00000032) 
TA050 3577:884.109 - 28.062ms returns 0
TA050 3578:937.650 JLINK_EMU_GetList(InterfaceMask = 0x00000001, MaxInfos = 0x00000032) 
TA050 3578:939.617 - 2.012ms returns 0
TA050 3578:939.688 JLINK_EMU_GetList(InterfaceMask = 0x00000002, MaxInfos = 0x00000032) 
TA050 3578:968.437 - 28.827ms returns 0
TA050 3580:009.784 JLINK_EMU_GetList(InterfaceMask = 0x00000001, MaxInfos = 0x00000032) 
TA050 3580:011.558 - 1.808ms returns 0
TA050 3580:011.615 JLINK_EMU_GetList(InterfaceMask = 0x00000002, MaxInfos = 0x00000032) 
TA050 3580:040.160 - 28.603ms returns 0
TA050 3581:084.859 JLINK_EMU_GetList(InterfaceMask = 0x00000001, MaxInfos = 0x00000032) 
TA050 3581:086.612 - 1.787ms returns 0
TA050 3581:086.669 JLINK_EMU_GetList(InterfaceMask = 0x00000002, MaxInfos = 0x00000032) 
TA050 3581:115.268 - 28.658ms returns 0
TA050 3582:162.813 JLINK_EMU_GetList(InterfaceMask = 0x00000001, MaxInfos = 0x00000032) 
TA050 3582:164.496 - 1.717ms returns 0
TA050 3582:164.551 JLINK_EMU_GetList(InterfaceMask = 0x00000002, MaxInfos = 0x00000032) 
TA050 3582:192.895 - 28.406ms returns 0
TA050 3583:241.329 JLINK_EMU_GetList(InterfaceMask = 0x00000001, MaxInfos = 0x00000032) 
TA050 3583:243.256 - 1.963ms returns 0
TA050 3583:243.314 JLINK_EMU_GetList(InterfaceMask = 0x00000002, MaxInfos = 0x00000032) 
TA050 3583:272.056 - 28.811ms returns 0
TA050 3584:314.515 JLINK_EMU_GetList(InterfaceMask = 0x00000001, MaxInfos = 0x00000032) 
TA050 3584:316.220 - 1.740ms returns 0
TA050 3584:316.276 JLINK_EMU_GetList(InterfaceMask = 0x00000002, MaxInfos = 0x00000032) 
TA050 3584:345.113 - 28.905ms returns 0
TA050 3585:392.692 JLINK_EMU_GetList(InterfaceMask = 0x00000001, MaxInfos = 0x00000032) 
TA050 3585:394.502 - 1.851ms returns 0
TA050 3585:394.565 JLINK_EMU_GetList(InterfaceMask = 0x00000002, MaxInfos = 0x00000032) 
TA050 3585:424.260 - 29.753ms returns 0
TA050 3586:469.525 JLINK_EMU_GetList(InterfaceMask = 0x00000001, MaxInfos = 0x00000032) 
TA050 3586:471.224 - 1.738ms returns 0
TA050 3586:471.285 JLINK_EMU_GetList(InterfaceMask = 0x00000002, MaxInfos = 0x00000032) 
TA050 3586:500.098 - 28.889ms returns 0
TA050 3587:553.249 JLINK_EMU_GetList(InterfaceMask = 0x00000001, MaxInfos = 0x00000032) 
TA050 3587:554.983 - 1.768ms returns 0
TA050 3587:555.039 JLINK_EMU_GetList(InterfaceMask = 0x00000002, MaxInfos = 0x00000032) 
TA050 3587:583.121 - 28.153ms returns 0
TA050 3588:625.241 JLINK_EMU_GetList(InterfaceMask = 0x00000001, MaxInfos = 0x00000032) 
TA050 3588:626.968 - 1.759ms returns 0
TA050 3588:627.022 JLINK_EMU_GetList(InterfaceMask = 0x00000002, MaxInfos = 0x00000032) 
TA050 3588:655.119 - 28.178ms returns 0
TA050 3589:705.073 JLINK_EMU_GetList(InterfaceMask = 0x00000001, MaxInfos = 0x00000032) 
TA050 3589:706.793 - 1.757ms returns 0
TA050 3589:706.852 JLINK_EMU_GetList(InterfaceMask = 0x00000002, MaxInfos = 0x00000032) 
TA050 3589:735.864 - 29.087ms returns 0
TA050 3590:786.770 JLINK_EMU_GetList(InterfaceMask = 0x00000001, MaxInfos = 0x00000032) 
TA050 3590:788.522 - 1.785ms returns 0
TA050 3590:788.578 JLINK_EMU_GetList(InterfaceMask = 0x00000002, MaxInfos = 0x00000032) 
TA050 3590:816.246 - 27.746ms returns 0
TA050 3591:858.548 JLINK_EMU_GetList(InterfaceMask = 0x00000001, MaxInfos = 0x00000032) 
TA050 3591:860.251 - 1.736ms returns 0
TA050 3591:860.307 JLINK_EMU_GetList(InterfaceMask = 0x00000002, MaxInfos = 0x00000032) 
TA050 3591:888.571 - 28.334ms returns 0
TA050 3592:941.041 JLINK_EMU_GetList(InterfaceMask = 0x00000001, MaxInfos = 0x00000032) 
TA050 3592:942.775 - 1.773ms returns 0
TA050 3592:942.835 JLINK_EMU_GetList(InterfaceMask = 0x00000002, MaxInfos = 0x00000032) 
TA050 3592:971.886 - 29.115ms returns 0
TA050 3594:016.240 JLINK_EMU_GetList(InterfaceMask = 0x00000001, MaxInfos = 0x00000032) 
TA050 3594:018.286 - 2.103ms returns 0
TA050 3594:018.367 JLINK_EMU_GetList(InterfaceMask = 0x00000002, MaxInfos = 0x00000032) 
TA050 3594:046.702 - 28.408ms returns 0
TA050 3595:095.034 JLINK_EMU_GetList(InterfaceMask = 0x00000001, MaxInfos = 0x00000032) 
TA050 3595:096.766 - 1.769ms returns 0
TA050 3595:096.825 JLINK_EMU_GetList(InterfaceMask = 0x00000002, MaxInfos = 0x00000032) 
TA050 3595:125.820 - 29.073ms returns 0
TA050 3596:174.085 JLINK_EMU_GetList(InterfaceMask = 0x00000001, MaxInfos = 0x00000032) 
TA050 3596:175.824 - 1.775ms returns 0
TA050 3596:175.881 JLINK_EMU_GetList(InterfaceMask = 0x00000002, MaxInfos = 0x00000032) 
TA050 3596:203.815 - 28.014ms returns 0
TA050 3597:251.456 JLINK_EMU_GetList(InterfaceMask = 0x00000001, MaxInfos = 0x00000032) 
TA050 3597:253.162 - 1.742ms returns 0
TA050 3597:253.221 JLINK_EMU_GetList(InterfaceMask = 0x00000002, MaxInfos = 0x00000032) 
TA050 3597:281.512 - 28.374ms returns 0
TA050 3598:342.540 JLINK_EMU_GetList(InterfaceMask = 0x00000001, MaxInfos = 0x00000032) 
TA050 3598:344.618 - 2.129ms returns 0
TA050 3598:344.697 JLINK_EMU_GetList(InterfaceMask = 0x00000002, MaxInfos = 0x00000032) 
TA050 3598:374.473 - 29.836ms returns 0
TA050 3599:430.482 JLINK_EMU_GetList(InterfaceMask = 0x00000001, MaxInfos = 0x00000032) 
TA050 3599:432.194 - 1.746ms returns 0
TA050 3599:432.251 JLINK_EMU_GetList(InterfaceMask = 0x00000002, MaxInfos = 0x00000032) 
TA050 3599:460.354 - 28.187ms returns 0
TA050 3600:503.272 JLINK_EMU_GetList(InterfaceMask = 0x00000001, MaxInfos = 0x00000032) 
TA050 3600:504.996 - 1.756ms returns 0
TA050 3600:505.050 JLINK_EMU_GetList(InterfaceMask = 0x00000002, MaxInfos = 0x00000032) 
TA050 3600:533.164 - 28.169ms returns 0
TA050 3601:576.939 JLINK_EMU_GetList(InterfaceMask = 0x00000001, MaxInfos = 0x00000032) 
TA050 3601:578.616 - 1.713ms returns 0
TA050 3601:578.674 JLINK_EMU_GetList(InterfaceMask = 0x00000002, MaxInfos = 0x00000032) 
TA050 3601:606.535 - 27.933ms returns 0
TA050 3602:654.344 JLINK_EMU_GetList(InterfaceMask = 0x00000001, MaxInfos = 0x00000032) 
TA050 3602:656.280 - 1.970ms returns 0
TA050 3602:656.335 JLINK_EMU_GetList(InterfaceMask = 0x00000002, MaxInfos = 0x00000032) 
TA050 3602:684.610 - 28.329ms returns 0
TA050 3603:729.014 JLINK_EMU_GetList(InterfaceMask = 0x00000001, MaxInfos = 0x00000032) 
TA050 3603:730.754 - 1.776ms returns 0
TA050 3603:730.813 JLINK_EMU_GetList(InterfaceMask = 0x00000002, MaxInfos = 0x00000032) 
TA050 3603:759.390 - 28.668ms returns 0
TA050 3604:815.815 JLINK_EMU_GetList(InterfaceMask = 0x00000001, MaxInfos = 0x00000032) 
TA050 3604:817.545 - 1.766ms returns 0
TA050 3604:817.609 JLINK_EMU_GetList(InterfaceMask = 0x00000002, MaxInfos = 0x00000032) 
TA050 3604:845.942 - 28.412ms returns 0
TA050 3605:890.402 JLINK_EMU_GetList(InterfaceMask = 0x00000001, MaxInfos = 0x00000032) 
TA050 3605:892.204 - 1.836ms returns 0
TA050 3605:892.260 JLINK_EMU_GetList(InterfaceMask = 0x00000002, MaxInfos = 0x00000032) 
TA050 3605:921.405 - 29.231ms returns 0
TA050 3606:965.274 JLINK_EMU_GetList(InterfaceMask = 0x00000001, MaxInfos = 0x00000032) 
TA050 3606:966.985 - 1.743ms returns 0
TA050 3606:967.045 JLINK_EMU_GetList(InterfaceMask = 0x00000002, MaxInfos = 0x00000032) 
TA050 3606:995.137 - 28.173ms returns 0
TA050 3608:038.458 JLINK_EMU_GetList(InterfaceMask = 0x00000001, MaxInfos = 0x00000032) 
TA050 3608:040.194 - 1.777ms returns 0
TA050 3608:040.252 JLINK_EMU_GetList(InterfaceMask = 0x00000002, MaxInfos = 0x00000032) 
TA050 3608:068.825 - 28.668ms returns 0
TA050 3609:117.255 JLINK_EMU_GetList(InterfaceMask = 0x00000001, MaxInfos = 0x00000032) 
TA050 3609:119.175 - 1.959ms returns 0
TA050 3609:119.237 JLINK_EMU_GetList(InterfaceMask = 0x00000002, MaxInfos = 0x00000032) 
TA050 3609:147.405 - 28.241ms returns 0
TA050 3610:186.379 JLINK_EMU_GetList(InterfaceMask = 0x00000001, MaxInfos = 0x00000032) 
TA050 3610:188.129 - 1.788ms returns 0
TA050 3610:188.190 JLINK_EMU_GetList(InterfaceMask = 0x00000002, MaxInfos = 0x00000032) 
TA050 3610:216.814 - 28.697ms returns 0
TA050 3611:260.133 JLINK_EMU_GetList(InterfaceMask = 0x00000001, MaxInfos = 0x00000032) 
TA050 3611:261.837 - 1.740ms returns 0
TA050 3611:261.895 JLINK_EMU_GetList(InterfaceMask = 0x00000002, MaxInfos = 0x00000032) 
TA050 3611:289.421 - 27.608ms returns 0
TA050 3612:334.073 JLINK_EMU_GetList(InterfaceMask = 0x00000001, MaxInfos = 0x00000032) 
TA050 3612:335.792 - 1.754ms returns 0
TA050 3612:335.849 JLINK_EMU_GetList(InterfaceMask = 0x00000002, MaxInfos = 0x00000032) 
TA050 3612:363.803 - 28.022ms returns 0
TA050 3613:406.059 JLINK_EMU_GetList(InterfaceMask = 0x00000001, MaxInfos = 0x00000032) 
TA050 3613:407.796 - 1.773ms returns 0
TA050 3613:407.855 JLINK_EMU_GetList(InterfaceMask = 0x00000002, MaxInfos = 0x00000032) 
TA050 3613:435.527 - 27.745ms returns 0
TA050 3614:478.685 JLINK_EMU_GetList(InterfaceMask = 0x00000001, MaxInfos = 0x00000032) 
TA050 3614:480.357 - 1.703ms returns 0
TA050 3614:480.410 JLINK_EMU_GetList(InterfaceMask = 0x00000002, MaxInfos = 0x00000032) 
TA050 3614:508.210 - 27.874ms returns 0
TA050 3615:559.588 JLINK_EMU_GetList(InterfaceMask = 0x00000001, MaxInfos = 0x00000032) 
TA050 3615:561.440 - 1.890ms returns 0
TA050 3615:561.501 JLINK_EMU_GetList(InterfaceMask = 0x00000002, MaxInfos = 0x00000032) 
TA050 3615:590.178 - 28.750ms returns 0
TA050 3616:638.699 JLINK_EMU_GetList(InterfaceMask = 0x00000001, MaxInfos = 0x00000032) 
TA050 3616:640.387 - 1.723ms returns 0
TA050 3616:640.443 JLINK_EMU_GetList(InterfaceMask = 0x00000002, MaxInfos = 0x00000032) 
TA050 3616:670.208 - 29.857ms returns 0
TA050 3617:713.629 JLINK_EMU_GetList(InterfaceMask = 0x00000001, MaxInfos = 0x00000032) 
TA050 3617:715.353 - 1.763ms returns 0
TA050 3617:715.414 JLINK_EMU_GetList(InterfaceMask = 0x00000002, MaxInfos = 0x00000032) 
TA050 3617:743.918 - 28.569ms returns 0
TA050 3618:787.228 JLINK_EMU_GetList(InterfaceMask = 0x00000001, MaxInfos = 0x00000032) 
TA050 3618:789.023 - 1.832ms returns 0
TA050 3618:789.081 JLINK_EMU_GetList(InterfaceMask = 0x00000002, MaxInfos = 0x00000032) 
TA050 3618:817.255 - 28.227ms returns 0
TA050 3619:857.618 JLINK_EMU_GetList(InterfaceMask = 0x00000001, MaxInfos = 0x00000032) 
TA050 3619:859.393 - 1.812ms returns 0
TA050 3619:859.452 JLINK_EMU_GetList(InterfaceMask = 0x00000002, MaxInfos = 0x00000032) 
TA050 3619:887.080 - 27.703ms returns 0
TA050 3620:961.605 JLINK_EMU_GetList(InterfaceMask = 0x00000001, MaxInfos = 0x00000032) 
TA050 3620:964.745 - 3.198ms returns 0
TA050 3620:964.834 JLINK_EMU_GetList(InterfaceMask = 0x00000002, MaxInfos = 0x00000032) 
TA050 3620:996.004 - 31.253ms returns 0
TA050 3622:035.167 JLINK_EMU_GetList(InterfaceMask = 0x00000001, MaxInfos = 0x00000032) 
TA050 3622:037.047 - 1.921ms returns 0
TA050 3622:037.112 JLINK_EMU_GetList(InterfaceMask = 0x00000002, MaxInfos = 0x00000032) 
TA050 3622:064.901 - 27.864ms returns 0
TA050 3623:106.294 JLINK_EMU_GetList(InterfaceMask = 0x00000001, MaxInfos = 0x00000032) 
TA050 3623:108.002 - 1.743ms returns 0
TA050 3623:108.058 JLINK_EMU_GetList(InterfaceMask = 0x00000002, MaxInfos = 0x00000032) 
TA050 3623:135.899 - 27.928ms returns 0
TA050 3624:176.362 JLINK_EMU_GetList(InterfaceMask = 0x00000001, MaxInfos = 0x00000032) 
TA050 3624:178.047 - 1.721ms returns 0
TA050 3624:178.106 JLINK_EMU_GetList(InterfaceMask = 0x00000002, MaxInfos = 0x00000032) 
TA050 3624:206.275 - 28.226ms returns 0
TA050 3625:246.381 JLINK_EMU_GetList(InterfaceMask = 0x00000001, MaxInfos = 0x00000032) 
TA050 3625:248.141 - 1.799ms returns 0
TA050 3625:248.203 JLINK_EMU_GetList(InterfaceMask = 0x00000002, MaxInfos = 0x00000032) 
TA050 3625:277.012 - 28.874ms returns 0
TA050 3626:316.891 JLINK_EMU_GetList(InterfaceMask = 0x00000001, MaxInfos = 0x00000032) 
TA050 3626:318.706 - 1.851ms returns 0
TA050 3626:318.767 JLINK_EMU_GetList(InterfaceMask = 0x00000002, MaxInfos = 0x00000032) 
TA050 3626:347.541 - 28.834ms returns 0
